<?xml version="1.0" encoding="UTF-8"?>
<!-- Generated by org.testng.reporters.JUnitReportReporter -->
<testsuite hostname="DESKTOP-SEQD9CK" failures="0" tests="2" name="testNGstudy.NewTest1" time="0.109" errors="0" timestamp="2023-06-11T13:31:49 IST" skipped="0">
  <testcase classname="testNGstudy.NewTest1" name="validateGender" time="0.060"/>
  <testcase classname="testNGstudy.NewTest1" name="validateUserName" time="0.049"/>
</testsuite> <!-- testNGstudy.NewTest1 -->
