<?xml version="1.0" encoding="UTF-8"?>
<!-- Generated by org.testng.reporters.JUnitReportReporter -->
<testsuite hostname="DESKTOP-SEQD9CK" failures="0" tests="5" name="testNgAnnotation.InvocationCount" time="0.036" errors="0" timestamp="2023-06-19T22:22:37 IST" skipped="0">
  <testcase classname="testNgAnnotation.InvocationCount" name="busBooking" time="0.005">
    <system-out>
      <![CDATA[busBooking is running]]>
    </system-out>
  </testcase> <!-- busBooking -->
  <testcase classname="testNgAnnotation.InvocationCount" name="busBooking" time="0.018">
    <system-out>
      <![CDATA[busBooking is running]]>
    </system-out>
  </testcase> <!-- busBooking -->
  <testcase classname="testNgAnnotation.InvocationCount" name="busBooking" time="0.004">
    <system-out>
      <![CDATA[busBooking is running]]>
    </system-out>
  </testcase> <!-- busBooking -->
  <testcase classname="testNgAnnotation.InvocationCount" name="busBooking" time="0.004">
    <system-out>
      <![CDATA[busBooking is running]]>
    </system-out>
  </testcase> <!-- busBooking -->
  <testcase classname="testNgAnnotation.InvocationCount" name="busBooking" time="0.005">
    <system-out>
      <![CDATA[busBooking is running]]>
    </system-out>
  </testcase> <!-- busBooking -->
  <system-out>
    <![CDATA[busBooking is running
busBooking is running
busBooking is running
busBooking is running
busBooking is running]]>
  </system-out>
</testsuite> <!-- testNgAnnotation.InvocationCount -->
