<?xml version="1.0" encoding="UTF-8"?>
<!-- Generated by org.testng.reporters.JUnitReportReporter -->
<testsuite hostname="DESKTOP-SEQD9CK" failures="0" tests="1" name="testNGAsserts.SoftAssertUse" time="0.025" errors="0" timestamp="2023-06-22T13:35:42 IST" skipped="0">
  <testcase classname="testNGAsserts.SoftAssertUse" name="UserNamePage" time="0.025"/>
</testsuite> <!-- testNGAsserts.SoftAssertUse -->
