<?xml version="1.0" encoding="UTF-8"?>
<!-- Generated by org.testng.reporters.JUnitReportReporter -->
<testsuite hostname="DESKTOP-SEQD9CK" failures="0" tests="4" name="testNgAnnotation.PriorityUse" time="0.028" errors="0" timestamp="2023-06-19T22:30:53 IST" skipped="0">
  <testcase classname="testNgAnnotation.PriorityUse" name="d" time="0.016">
    <system-out>
      <![CDATA[Method d is running]]>
    </system-out>
  </testcase> <!-- d -->
  <testcase classname="testNgAnnotation.PriorityUse" name="b" time="0.004">
    <system-out>
      <![CDATA[Method b is running]]>
    </system-out>
  </testcase> <!-- b -->
  <testcase classname="testNgAnnotation.PriorityUse" name="c" time="0.004">
    <system-out>
      <![CDATA[Method c is running]]>
    </system-out>
  </testcase> <!-- c -->
  <testcase classname="testNgAnnotation.PriorityUse" name="a" time="0.004">
    <system-out>
      <![CDATA[Method a is running]]>
    </system-out>
  </testcase> <!-- a -->
  <system-out>
    <![CDATA[Method d is running
Method b is running
Method c is running
Method a is running]]>
  </system-out>
</testsuite> <!-- testNgAnnotation.PriorityUse -->
