<?xml version="1.0" encoding="UTF-8"?>
<!-- Generated by org.testng.reporters.JUnitReportReporter -->
<testsuite hostname="DESKTOP-SEQD9CK" failures="0" tests="2" name="testNgAnnotation.TestNGKeywordsUse" time="0.018" errors="0" timestamp="2023-06-19T22:13:47 IST" skipped="1">
  <testcase classname="testNgAnnotation.TestNGKeywordsUse" name="b" time="0.018">
    <system-out>
      <![CDATA[b is running...]]>
    </system-out>
  </testcase> <!-- b -->
  <testcase classname="testNgAnnotation.TestNGKeywordsUse" name="a">
    <skipped/>
  </testcase> <!-- a -->
  <system-out>
    <![CDATA[b is running...]]>
  </system-out>
</testsuite> <!-- testNgAnnotation.TestNGKeywordsUse -->
