<?xml version="1.0" encoding="UTF-8"?>
<!-- Generated by org.testng.reporters.JUnitReportReporter -->
<testsuite hostname="DESKTOP-SEQD9CK" failures="0" tests="1" name="seril_parallal.SerialTest" time="15.269" errors="0" timestamp="2023-06-19T14:26:12 IST" skipped="0">
  <testcase classname="seril_parallal.SerialTest" name="Insta" time="15.269"/>
</testsuite> <!-- seril_parallal.SerialTest -->
