<?xml version="1.0" encoding="UTF-8"?>
<!-- Generated by org.testng.reporters.JUnitReportReporter -->
<testsuite hostname="DESKTOP-SEQD9CK" failures="0" tests="1" name="testNGstudy.NewTestNGClass" time="16.150" errors="0" timestamp="2023-06-08T14:42:55 IST" skipped="0">
  <testcase classname="testNGstudy.NewTestNGClass" name="f" time="16.150"/>
</testsuite> <!-- testNGstudy.NewTestNGClass -->
