<?xml version="1.0" encoding="UTF-8"?>
<!-- Generated by org.testng.reporters.JUnitReportReporter -->
<testsuite hostname="DESKTOP-SEQD9CK" failures="0" tests="3" name="dataprovidersUse.CreateAccount" time="28.419" errors="0" timestamp="2023-06-24T19:10:37 IST" skipped="0">
  <testcase classname="dataprovidersUse.CreateAccount" name="fbAccount" time="7.613"/>
  <testcase classname="dataprovidersUse.CreateAccount" name="fbAccount" time="13.219"/>
  <testcase classname="dataprovidersUse.CreateAccount" name="fbAccount" time="7.587"/>
</testsuite> <!-- dataprovidersUse.CreateAccount -->
