<?xml version="1.0" encoding="UTF-8"?>
<!-- Generated by org.testng.reporters.JUnitReportReporter -->
<testsuite hostname="DESKTOP-SEQD9CK" failures="0" tests="1" name="seril_parallal.ParallalTestUse" time="16.459" errors="0" timestamp="2023-06-19T14:26:13 IST" skipped="0">
  <testcase classname="seril_parallal.ParallalTestUse" name="noukari" time="16.459"/>
</testsuite> <!-- seril_parallal.ParallalTestUse -->
