<?xml version="1.0" encoding="UTF-8"?>
<!-- Generated by org.testng.reporters.JUnitReportReporter -->
<testsuite hostname="DESKTOP-SEQD9CK" failures="0" tests="4" name="testNgAnnotation.EnabledUse" time="0.026" errors="0" timestamp="2023-06-19T22:36:21 IST" skipped="1">
  <testcase classname="testNgAnnotation.EnabledUse" name="c" time="0.007">
    <system-out>
      <![CDATA[Method c is running]]>
    </system-out>
  </testcase> <!-- c -->
  <testcase classname="testNgAnnotation.EnabledUse" name="b" time="0.015">
    <system-out>
      <![CDATA[Method b is running]]>
    </system-out>
  </testcase> <!-- b -->
  <testcase classname="testNgAnnotation.EnabledUse" name="d" time="0.004">
    <system-out>
      <![CDATA[Method d is running]]>
    </system-out>
  </testcase> <!-- d -->
  <testcase classname="testNgAnnotation.EnabledUse" name="a">
    <skipped/>
  </testcase> <!-- a -->
  <system-out>
    <![CDATA[Method b is running
Method c is running
Method d is running]]>
  </system-out>
</testsuite> <!-- testNgAnnotation.EnabledUse -->
