<?xml version="1.0" encoding="UTF-8"?>
<!-- Generated by org.testng.reporters.JUnitReportReporter -->
<testsuite hostname="DESKTOP-SEQD9CK" failures="0" tests="3" name="testNGxml.Testing" time="0.026" errors="0" timestamp="2023-06-24T19:35:31 IST" skipped="0">
  <testcase classname="testNGxml.Testing" name="b" time="0.004">
    <system-out>
      <![CDATA[b is running--]]>
    </system-out>
  </testcase> <!-- b -->
  <testcase classname="testNGxml.Testing" name="c" time="0.007">
    <system-out>
      <![CDATA[c is running---]]>
    </system-out>
  </testcase> <!-- c -->
  <testcase classname="testNGxml.Testing" name="a" time="0.015">
    <system-out>
      <![CDATA[a is running--]]>
    </system-out>
  </testcase> <!-- a -->
  <system-out>
    <![CDATA[a is running--
b is running--
c is running---
d is running--
e is running--
f is running---]]>
  </system-out>
</testsuite> <!-- testNGxml.Testing -->
