<?xml version="1.0" encoding="UTF-8"?>
<!-- Generated by org.testng.reporters.JUnitReportReporter -->
<testsuite hostname="DESKTOP-SEQD9CK" failures="0" tests="1" name="testNGAsserts.AssertTrueAndFalset" time="0.020" errors="0" timestamp="2023-06-20T13:12:46 IST" skipped="0">
  <testcase classname="testNGAsserts.AssertTrueAndFalset" name="a" time="0.020"/>
</testsuite> <!-- testNGAsserts.AssertTrueAndFalset -->
