<?xml version="1.0" encoding="UTF-8"?>
<!-- Generated by org.testng.reporters.JUnitReportReporter -->
<testsuite hostname="DESKTOP-SEQD9CK" failures="0" tests="4" name="listner.SampleTest1" time="1.548" errors="0" timestamp="2023-06-29T17:56:54 IST" skipped="0">
  <testcase classname="listner.SampleTest1" name="TC4" time="0.008">
    <system-out>
      <![CDATA[Test TC4 excution start
TC4 is running
ThisTC4 method completed successfuly]]>
    </system-out>
  </testcase> <!-- TC4 -->
  <testcase classname="listner.SampleTest1" name="TC3" time="0.003">
    <system-out>
      <![CDATA[Test TC3 excution start
TC3 is running
ThisTC3 method completed successfuly]]>
    </system-out>
  </testcase> <!-- TC3 -->
  <testcase classname="listner.SampleTest1" name="TC1" time="0.006">
    <system-out>
      <![CDATA[Test TC1 excution start
TC1 is running
ThisTC1 method completed successfuly]]>
    </system-out>
  </testcase> <!-- TC1 -->
  <testcase classname="listner.SampleTest1" name="TC2" time="1.531">
    <system-out>
      <![CDATA[Test TC2 excution start
TC2 is running
ThisTC2 method completed successfuly]]>
    </system-out>
  </testcase> <!-- TC2 -->
  <system-out>
    <![CDATA[Test TC2 excution start
TC2 is running
ThisTC2 method completed successfuly
Test TC1 excution start
TC1 is running
ThisTC1 method completed successfuly
Test TC4 excution start
TC4 is running
ThisTC4 method completed successfuly
Test TC3 excution start
TC3 is running
ThisTC3 method completed successfuly]]>
  </system-out>
</testsuite> <!-- listner.SampleTest1 -->
