<?xml version="1.0" encoding="UTF-8"?>
<!-- Generated by org.testng.reporters.JUnitReportReporter -->
<testsuite hostname="DESKTOP-SEQD9CK" failures="0" tests="1" name="verificationUsingTestNg.ValidateUrl" time="9.637" errors="0" timestamp="2023-06-19T21:36:18 IST" skipped="0">
  <testcase classname="verificationUsingTestNg.ValidateUrl" name="ValidateUrlName" time="9.637">
    <system-out>
      <![CDATA[Actual & Expected url are matching TC is passed]]>
    </system-out>
  </testcase> <!-- ValidateUrlName -->
  <system-out>
    <![CDATA[Actual & Expected url are matching TC is passed]]>
  </system-out>
</testsuite> <!-- verificationUsingTestNg.ValidateUrl -->
