<?xml version="1.0" encoding="UTF-8"?>
<!-- Generated by org.testng.reporters.JUnitReportReporter -->
<testsuite hostname="DESKTOP-SEQD9CK" failures="0" tests="3" name="testNGxml.Testing2" time="0.010" errors="0" timestamp="2023-06-24T19:35:31 IST" skipped="0">
  <testcase classname="testNGxml.Testing2" name="e" time="0.004">
    <system-out>
      <![CDATA[e is running--]]>
    </system-out>
  </testcase> <!-- e -->
  <testcase classname="testNGxml.Testing2" name="f" time="0.003">
    <system-out>
      <![CDATA[f is running---]]>
    </system-out>
  </testcase> <!-- f -->
  <testcase classname="testNGxml.Testing2" name="d" time="0.003">
    <system-out>
      <![CDATA[d is running--]]>
    </system-out>
  </testcase> <!-- d -->
  <system-out>
    <![CDATA[a is running--
b is running--
c is running---
d is running--
e is running--
f is running---]]>
  </system-out>
</testsuite> <!-- testNGxml.Testing2 -->
