<?xml version="1.0" encoding="UTF-8"?>
<!-- Generated by org.testng.reporters.JUnitReportReporter -->
<testsuite hostname="DESKTOP-SEQD9CK" failures="0" tests="1" name="testNGstudy.MyTestNGClass" time="45.040" errors="0" timestamp="2023-06-08T14:33:05 IST" skipped="0">
  <testcase classname="testNGstudy.MyTestNGClass" name="f" time="45.040"/>
</testsuite> <!-- testNGstudy.MyTestNGClass -->
